<?xml version="1.0" encoding="UTF-8"?>
<testng-results ignored="0" total="1" passed="1" failed="0" skipped="0">
  <reporter-output>
  </reporter-output>
  <suite started-at="2025-08-21T15:11:20 IST" name="Default suite" finished-at="2025-08-21T15:11:22 IST" duration-ms="1701">
    <groups>
    </groups>
    <test started-at="2025-08-21T15:11:20 IST" name="Default test" finished-at="2025-08-21T15:11:22 IST" duration-ms="1701">
      <class name="testScript.LoginTest">
        <test-method is-config="true" signature="initializeBrowser()[pri:0, instance:testScript.LoginTest@1bd4fdd]" started-at="2025-08-21T15:11:20 IST" name="initializeBrowser" finished-at="2025-08-21T15:11:22 IST" duration-ms="1424" status="PASS">
          <reporter-output>
          </reporter-output>
        </test-method> <!-- initializeBrowser -->
        <test-method signature="verifyUserLoginWithValidUsernameAndInvalidPassword()[pri:0, instance:testScript.LoginTest@1bd4fdd]" started-at="2025-08-21T15:11:22 IST" name="verifyUserLoginWithValidUsernameAndInvalidPassword" finished-at="2025-08-21T15:11:22 IST" duration-ms="238" status="PASS">
          <reporter-output>
          </reporter-output>
        </test-method> <!-- verifyUserLoginWithValidUsernameAndInvalidPassword -->
        <test-method is-config="true" signature="closeAndQuit()[pri:0, instance:testScript.LoginTest@1bd4fdd]" started-at="2025-08-21T15:11:22 IST" name="closeAndQuit" finished-at="2025-08-21T15:11:22 IST" duration-ms="0" status="PASS">
          <reporter-output>
          </reporter-output>
        </test-method> <!-- closeAndQuit -->
      </class> <!-- testScript.LoginTest -->
    </test> <!-- Default test -->
  </suite> <!-- Default suite -->
</testng-results>
